This file contains any messages produced by compilers while
running configure, to aid debugging if configure makes a mistake.

It was created by configure, which was
generated by GNU Autoconf 2.71.  Invocation command line was

  $ /home/andre/files/programming/row-filer/rox-filer-dark/ROX-Filer/src/configure

## --------- ##
## Platform. ##
## --------- ##

hostname = tenoriocalc
uname -m = x86_64
uname -r = 6.15.9_1
uname -s = Linux
uname -v = #1 SMP PREEMPT_DYNAMIC Sat Aug  2 03:38:07 UTC 2025

/usr/bin/uname -p = unknown
/bin/uname -X     = unknown

/bin/arch              = x86_64
/usr/bin/arch -k       = unknown
/usr/convex/getsysinfo = unknown
/usr/bin/hostinfo      = unknown
/bin/machine           = unknown
/usr/bin/oslevel       = unknown
/bin/universe          = unknown

PATH: /usr/local/sbin/
PATH: /usr/local/bin/
PATH: /usr/bin/
PATH: /usr/sbin/
PATH: /sbin/
PATH: /bin/
PATH: /usr/lib/jvm/default-jdk/bin/
PATH: /usr/lib/jvm/default-jre/bin/


## ----------- ##
## Core tests. ##
## ----------- ##

configure:2463: checking for gcc
configure:2484: found /usr/bin/gcc
configure:2495: result: gcc
configure:2848: checking for C compiler version
configure:2857: gcc --version >&5
gcc (GCC) 14.2.1 20250405
Copyright (C) 2024 Free Software Foundation, Inc.
This is free software; see the source for copying conditions.  There is NO
warranty; not even for MERCHANTABILITY or FITNESS FOR A PARTICULAR PURPOSE.

configure:2868: $? = 0
configure:2857: gcc -v >&5
Using built-in specs.
COLLECT_GCC=gcc
COLLECT_LTO_WRAPPER=/usr/lib64/gcc/x86_64-linux-musl/14.2.1/lto-wrapper
Target: x86_64-linux-musl
Configured with: /builddir/gcc-14.2.1+20250405/configure --build=x86_64-linux-musl --disable-gnu-unique-object --disable-libsanitizer --disable-symvers libat_cv_have_ifunc=no --enable-vtable-verify --prefix=/usr --mandir=/usr/share/man --infodir=/usr/share/info --libexecdir=/usr/lib64 --libdir=/usr/lib64 --enable-threads=posix --enable-__cxa_atexit --disable-multilib --with-system-zlib --enable-shared --enable-lto --enable-plugins --enable-linker-build-id --disable-werror --disable-nls --enable-default-pie --enable-default-ssp --enable-checking=release --disable-libstdcxx-pch --with-isl --with-linker-hash-style=gnu --disable-sjlj-exceptions --disable-target-libiberty --disable-libssp --enable-languages=c,c++,objc,obj-c++,fortran,lto,go,ada
Thread model: posix
Supported LTO compression algorithms: zlib zstd
gcc version 14.2.1 20250405 (GCC) 
configure:2868: $? = 0
configure:2857: gcc -V >&5
gcc: error: unrecognized command-line option '-V'
gcc: fatal error: no input files
compilation terminated.
configure:2868: $? = 1
configure:2857: gcc -qversion >&5
gcc: error: unrecognized command-line option '-qversion'; did you mean '--version'?
gcc: fatal error: no input files
compilation terminated.
configure:2868: $? = 1
configure:2857: gcc -version >&5
gcc: error: unrecognized command-line option '-version'
gcc: fatal error: no input files
compilation terminated.
configure:2868: $? = 1
configure:2888: checking whether the C compiler works
configure:2910: gcc    conftest.c  >&5
configure:2914: $? = 0
configure:2964: result: yes
configure:2967: checking for C compiler default output file name
configure:2969: result: a.out
configure:2975: checking for suffix of executables
configure:2982: gcc -o conftest    conftest.c  >&5
configure:2986: $? = 0
configure:3009: result: 
configure:3031: checking whether we are cross compiling
configure:3039: gcc -o conftest    conftest.c  >&5
configure:3043: $? = 0
configure:3050: ./conftest
configure:3054: $? = 0
configure:3069: result: no
configure:3074: checking for suffix of object files
configure:3097: gcc -c   conftest.c >&5
configure:3101: $? = 0
configure:3123: result: o
configure:3127: checking whether the compiler supports GNU C
configure:3147: gcc -c   conftest.c >&5
configure:3147: $? = 0
configure:3157: result: yes
configure:3168: checking whether gcc accepts -g
configure:3189: gcc -c -g  conftest.c >&5
configure:3189: $? = 0
configure:3233: result: yes
configure:3253: checking for gcc option to enable C11 features
configure:3268: gcc  -c -g -O2  conftest.c >&5
configure:3268: $? = 0
configure:3286: result: none needed
configure:3401: checking for GCC version
configure:3409: result: 14.2.1
configure:3427: checking whether to disable pointer sign warning
configure:3434: result: no
configure:3437: checking whether to disable stack protector
configure:3444: result: no
configure:3455: checking that pkg-config runs
configure:3458: result: yes
configure:3476: checking that sm (version >= 1) is installed
configure:3479: result: yes
configure:3492: checking that gtk+-2.0 (version >= 2.12.0) is installed
configure:3495: result: yes
configure:3508: checking that libxml-2.0 (version >= 2.0.0) is installed
configure:3511: result: yes
configure:3524: checking that shared-mime-info (version >= 0.14) is installed
configure:3527: result: yes
configure:3544: checking if pango (version >= 1.1.2) is installed
configure:3549: result: yes; enabling better wrapping
configure:3562: checking how to run the C preprocessor
configure:3588: gcc -E  conftest.c
configure:3588: $? = 0
configure:3603: gcc -E  conftest.c
conftest.c:11:10: fatal error: ac_nonexistent.h: No such file or directory
   11 | #include <ac_nonexistent.h>
      |          ^~~~~~~~~~~~~~~~~~
compilation terminated.
configure:3603: $? = 1
configure: failed program was:
| /* confdefs.h */
| #define PACKAGE_NAME ""
| #define PACKAGE_TARNAME ""
| #define PACKAGE_VERSION ""
| #define PACKAGE_STRING ""
| #define PACKAGE_BUGREPORT ""
| #define PACKAGE_URL ""
| #define GTK_VERSION "2.24.33"
| #define USE_PANGO_WRAP_WORD_CHAR 1
| /* end confdefs.h.  */
| #include <ac_nonexistent.h>
configure:3630: result: gcc -E
configure:3644: gcc -E  conftest.c
configure:3644: $? = 0
configure:3659: gcc -E  conftest.c
conftest.c:11:10: fatal error: ac_nonexistent.h: No such file or directory
   11 | #include <ac_nonexistent.h>
      |          ^~~~~~~~~~~~~~~~~~
compilation terminated.
configure:3659: $? = 1
configure: failed program was:
| /* confdefs.h */
| #define PACKAGE_NAME ""
| #define PACKAGE_TARNAME ""
| #define PACKAGE_VERSION ""
| #define PACKAGE_STRING ""
| #define PACKAGE_BUGREPORT ""
| #define PACKAGE_URL ""
| #define GTK_VERSION "2.24.33"
| #define USE_PANGO_WRAP_WORD_CHAR 1
| /* end confdefs.h.  */
| #include <ac_nonexistent.h>
configure:3690: checking for X
configure:3728: gcc -o conftest -g -O2 -Wall -Wmissing-prototypes   conftest.c -lX11  >&5
configure:3728: $? = 0
configure:3915: result: libraries , headers 
configure:4013: gcc -o conftest -g -O2 -Wall -Wmissing-prototypes   conftest.c   -lX11 >&5
configure:4013: $? = 0
configure:4112: checking for gethostbyname
configure:4112: gcc -o conftest -g -O2 -Wall -Wmissing-prototypes   conftest.c  >&5
configure:4112: $? = 0
configure:4112: result: yes
configure:4210: checking for connect
configure:4210: gcc -o conftest -g -O2 -Wall -Wmissing-prototypes   conftest.c  >&5
configure:4210: $? = 0
configure:4210: result: yes
configure:4260: checking for remove
configure:4260: gcc -o conftest -g -O2 -Wall -Wmissing-prototypes   conftest.c  >&5
configure:4260: $? = 0
configure:4260: result: yes
configure:4310: checking for shmat
configure:4310: gcc -o conftest -g -O2 -Wall -Wmissing-prototypes   conftest.c  >&5
configure:4310: $? = 0
configure:4310: result: yes
configure:4369: checking for IceConnectionNumber in -lICE
configure:4392: gcc -o conftest -g -O2 -Wall -Wmissing-prototypes   conftest.c -lICE   >&5
configure:4392: $? = 0
configure:4402: result: yes
configure:4419: checking whether file -b works
configure:4425: result: yes
configure:4432: checking for large file support
configure:4457: result: no
configure:4473: checking for dirent.h that defines DIR
configure:4493: gcc -c -g -O2 -Wall -Wmissing-prototypes   conftest.c >&5
configure:4493: $? = 0
configure:4502: result: yes
configure:4516: checking for library containing opendir
configure:4546: gcc -o conftest -g -O2 -Wall -Wmissing-prototypes    conftest.c   -lX11 -lm  >&5
configure:4546: $? = 0
configure:4566: result: none required
configure:4641: checking for stdio.h
configure:4641: gcc -c -g -O2 -Wall -Wmissing-prototypes   conftest.c >&5
configure:4641: $? = 0
configure:4641: result: yes
configure:4641: checking for stdlib.h
configure:4641: gcc -c -g -O2 -Wall -Wmissing-prototypes   conftest.c >&5
configure:4641: $? = 0
configure:4641: result: yes
configure:4641: checking for string.h
configure:4641: gcc -c -g -O2 -Wall -Wmissing-prototypes   conftest.c >&5
configure:4641: $? = 0
configure:4641: result: yes
configure:4641: checking for inttypes.h
configure:4641: gcc -c -g -O2 -Wall -Wmissing-prototypes   conftest.c >&5
configure:4641: $? = 0
configure:4641: result: yes
configure:4641: checking for stdint.h
configure:4641: gcc -c -g -O2 -Wall -Wmissing-prototypes   conftest.c >&5
configure:4641: $? = 0
configure:4641: result: yes
configure:4641: checking for strings.h
configure:4641: gcc -c -g -O2 -Wall -Wmissing-prototypes   conftest.c >&5
configure:4641: $? = 0
configure:4641: result: yes
configure:4641: checking for sys/stat.h
configure:4641: gcc -c -g -O2 -Wall -Wmissing-prototypes   conftest.c >&5
configure:4641: $? = 0
configure:4641: result: yes
configure:4641: checking for sys/types.h
configure:4641: gcc -c -g -O2 -Wall -Wmissing-prototypes   conftest.c >&5
configure:4641: $? = 0
configure:4641: result: yes
configure:4641: checking for unistd.h
configure:4641: gcc -c -g -O2 -Wall -Wmissing-prototypes   conftest.c >&5
configure:4641: $? = 0
configure:4641: result: yes
configure:4666: checking for grep that handles long lines and -e
configure:4730: result: /usr/bin/grep
configure:4738: checking for egrep
configure:4806: result: /usr/bin/grep -E
configure:4812: checking for sys/wait.h that is POSIX.1 compatible
configure:4839: gcc -c -g -O2 -Wall -Wmissing-prototypes   conftest.c >&5
configure:4839: $? = 0
configure:4847: result: yes
configure:4855: checking for fcntl.h
configure:4855: gcc -c -g -O2 -Wall -Wmissing-prototypes   conftest.c >&5
configure:4855: $? = 0
configure:4855: result: yes
configure:4861: checking for sys/time.h
configure:4861: gcc -c -g -O2 -Wall -Wmissing-prototypes   conftest.c >&5
configure:4861: $? = 0
configure:4861: result: yes
configure:4867: checking for unistd.h
configure:4867: result: yes
configure:4873: checking for mntent.h
configure:4873: gcc -c -g -O2 -Wall -Wmissing-prototypes   conftest.c >&5
configure:4873: $? = 0
configure:4873: result: yes
configure:4879: checking for sys/ucred.h
configure:4879: gcc -c -g -O2 -Wall -Wmissing-prototypes   conftest.c >&5
conftest.c:56:10: fatal error: sys/ucred.h: No such file or directory
   56 | #include <sys/ucred.h>
      |          ^~~~~~~~~~~~~
compilation terminated.
configure:4879: $? = 1
configure: failed program was:
| /* confdefs.h */
| #define PACKAGE_NAME ""
| #define PACKAGE_TARNAME ""
| #define PACKAGE_VERSION ""
| #define PACKAGE_STRING ""
| #define PACKAGE_BUGREPORT ""
| #define PACKAGE_URL ""
| #define GTK_VERSION "2.24.33"
| #define USE_PANGO_WRAP_WORD_CHAR 1
| #define FILE_B_FLAG 1
| #define HAVE_DIRENT_H 1
| #define HAVE_STDIO_H 1
| #define HAVE_STDLIB_H 1
| #define HAVE_STRING_H 1
| #define HAVE_INTTYPES_H 1
| #define HAVE_STDINT_H 1
| #define HAVE_STRINGS_H 1
| #define HAVE_SYS_STAT_H 1
| #define HAVE_SYS_TYPES_H 1
| #define HAVE_UNISTD_H 1
| #define STDC_HEADERS 1
| #define HAVE_SYS_WAIT_H 1
| #define HAVE_FCNTL_H 1
| #define HAVE_SYS_TIME_H 1
| #define HAVE_UNISTD_H 1
| #define HAVE_MNTENT_H 1
| /* end confdefs.h.  */
| #include <stddef.h>
| #ifdef HAVE_STDIO_H
| # include <stdio.h>
| #endif
| #ifdef HAVE_STDLIB_H
| # include <stdlib.h>
| #endif
| #ifdef HAVE_STRING_H
| # include <string.h>
| #endif
| #ifdef HAVE_INTTYPES_H
| # include <inttypes.h>
| #endif
| #ifdef HAVE_STDINT_H
| # include <stdint.h>
| #endif
| #ifdef HAVE_STRINGS_H
| # include <strings.h>
| #endif
| #ifdef HAVE_SYS_TYPES_H
| # include <sys/types.h>
| #endif
| #ifdef HAVE_SYS_STAT_H
| # include <sys/stat.h>
| #endif
| #ifdef HAVE_UNISTD_H
| # include <unistd.h>
| #endif
| #include <sys/ucred.h>
configure:4879: result: no
configure:4885: checking for sys/mntent.h
configure:4885: gcc -c -g -O2 -Wall -Wmissing-prototypes   conftest.c >&5
conftest.c:56:10: fatal error: sys/mntent.h: No such file or directory
   56 | #include <sys/mntent.h>
      |          ^~~~~~~~~~~~~~
compilation terminated.
configure:4885: $? = 1
configure: failed program was:
| /* confdefs.h */
| #define PACKAGE_NAME ""
| #define PACKAGE_TARNAME ""
| #define PACKAGE_VERSION ""
| #define PACKAGE_STRING ""
| #define PACKAGE_BUGREPORT ""
| #define PACKAGE_URL ""
| #define GTK_VERSION "2.24.33"
| #define USE_PANGO_WRAP_WORD_CHAR 1
| #define FILE_B_FLAG 1
| #define HAVE_DIRENT_H 1
| #define HAVE_STDIO_H 1
| #define HAVE_STDLIB_H 1
| #define HAVE_STRING_H 1
| #define HAVE_INTTYPES_H 1
| #define HAVE_STDINT_H 1
| #define HAVE_STRINGS_H 1
| #define HAVE_SYS_STAT_H 1
| #define HAVE_SYS_TYPES_H 1
| #define HAVE_UNISTD_H 1
| #define STDC_HEADERS 1
| #define HAVE_SYS_WAIT_H 1
| #define HAVE_FCNTL_H 1
| #define HAVE_SYS_TIME_H 1
| #define HAVE_UNISTD_H 1
| #define HAVE_MNTENT_H 1
| /* end confdefs.h.  */
| #include <stddef.h>
| #ifdef HAVE_STDIO_H
| # include <stdio.h>
| #endif
| #ifdef HAVE_STDLIB_H
| # include <stdlib.h>
| #endif
| #ifdef HAVE_STRING_H
| # include <string.h>
| #endif
| #ifdef HAVE_INTTYPES_H
| # include <inttypes.h>
| #endif
| #ifdef HAVE_STDINT_H
| # include <stdint.h>
| #endif
| #ifdef HAVE_STRINGS_H
| # include <strings.h>
| #endif
| #ifdef HAVE_SYS_TYPES_H
| # include <sys/types.h>
| #endif
| #ifdef HAVE_SYS_STAT_H
| # include <sys/stat.h>
| #endif
| #ifdef HAVE_UNISTD_H
| # include <unistd.h>
| #endif
| #include <sys/mntent.h>
configure:4885: result: no
configure:4891: checking for apsymbols.h
configure:4891: gcc -c -g -O2 -Wall -Wmissing-prototypes   conftest.c >&5
conftest.c:56:10: fatal error: apsymbols.h: No such file or directory
   56 | #include <apsymbols.h>
      |          ^~~~~~~~~~~~~
compilation terminated.
configure:4891: $? = 1
configure: failed program was:
| /* confdefs.h */
| #define PACKAGE_NAME ""
| #define PACKAGE_TARNAME ""
| #define PACKAGE_VERSION ""
| #define PACKAGE_STRING ""
| #define PACKAGE_BUGREPORT ""
| #define PACKAGE_URL ""
| #define GTK_VERSION "2.24.33"
| #define USE_PANGO_WRAP_WORD_CHAR 1
| #define FILE_B_FLAG 1
| #define HAVE_DIRENT_H 1
| #define HAVE_STDIO_H 1
| #define HAVE_STDLIB_H 1
| #define HAVE_STRING_H 1
| #define HAVE_INTTYPES_H 1
| #define HAVE_STDINT_H 1
| #define HAVE_STRINGS_H 1
| #define HAVE_SYS_STAT_H 1
| #define HAVE_SYS_TYPES_H 1
| #define HAVE_UNISTD_H 1
| #define STDC_HEADERS 1
| #define HAVE_SYS_WAIT_H 1
| #define HAVE_FCNTL_H 1
| #define HAVE_SYS_TIME_H 1
| #define HAVE_UNISTD_H 1
| #define HAVE_MNTENT_H 1
| /* end confdefs.h.  */
| #include <stddef.h>
| #ifdef HAVE_STDIO_H
| # include <stdio.h>
| #endif
| #ifdef HAVE_STDLIB_H
| # include <stdlib.h>
| #endif
| #ifdef HAVE_STRING_H
| # include <string.h>
| #endif
| #ifdef HAVE_INTTYPES_H
| # include <inttypes.h>
| #endif
| #ifdef HAVE_STDINT_H
| # include <stdint.h>
| #endif
| #ifdef HAVE_STRINGS_H
| # include <strings.h>
| #endif
| #ifdef HAVE_SYS_TYPES_H
| # include <sys/types.h>
| #endif
| #ifdef HAVE_SYS_STAT_H
| # include <sys/stat.h>
| #endif
| #ifdef HAVE_UNISTD_H
| # include <unistd.h>
| #endif
| #include <apsymbols.h>
configure:4891: result: no
configure:4897: checking for apbuild/apsymbols.h
configure:4897: gcc -c -g -O2 -Wall -Wmissing-prototypes   conftest.c >&5
conftest.c:56:10: fatal error: apbuild/apsymbols.h: No such file or directory
   56 | #include <apbuild/apsymbols.h>
      |          ^~~~~~~~~~~~~~~~~~~~~
compilation terminated.
configure:4897: $? = 1
configure: failed program was:
| /* confdefs.h */
| #define PACKAGE_NAME ""
| #define PACKAGE_TARNAME ""
| #define PACKAGE_VERSION ""
| #define PACKAGE_STRING ""
| #define PACKAGE_BUGREPORT ""
| #define PACKAGE_URL ""
| #define GTK_VERSION "2.24.33"
| #define USE_PANGO_WRAP_WORD_CHAR 1
| #define FILE_B_FLAG 1
| #define HAVE_DIRENT_H 1
| #define HAVE_STDIO_H 1
| #define HAVE_STDLIB_H 1
| #define HAVE_STRING_H 1
| #define HAVE_INTTYPES_H 1
| #define HAVE_STDINT_H 1
| #define HAVE_STRINGS_H 1
| #define HAVE_SYS_STAT_H 1
| #define HAVE_SYS_TYPES_H 1
| #define HAVE_UNISTD_H 1
| #define STDC_HEADERS 1
| #define HAVE_SYS_WAIT_H 1
| #define HAVE_FCNTL_H 1
| #define HAVE_SYS_TIME_H 1
| #define HAVE_UNISTD_H 1
| #define HAVE_MNTENT_H 1
| /* end confdefs.h.  */
| #include <stddef.h>
| #ifdef HAVE_STDIO_H
| # include <stdio.h>
| #endif
| #ifdef HAVE_STDLIB_H
| # include <stdlib.h>
| #endif
| #ifdef HAVE_STRING_H
| # include <string.h>
| #endif
| #ifdef HAVE_INTTYPES_H
| # include <inttypes.h>
| #endif
| #ifdef HAVE_STDINT_H
| # include <stdint.h>
| #endif
| #ifdef HAVE_STRINGS_H
| # include <strings.h>
| #endif
| #ifdef HAVE_SYS_TYPES_H
| # include <sys/types.h>
| #endif
| #ifdef HAVE_SYS_STAT_H
| # include <sys/stat.h>
| #endif
| #ifdef HAVE_UNISTD_H
| # include <unistd.h>
| #endif
| #include <apbuild/apsymbols.h>
configure:4897: result: no
configure:4903: checking for sys/statvfs.h
configure:4903: gcc -c -g -O2 -Wall -Wmissing-prototypes   conftest.c >&5
configure:4903: $? = 0
configure:4903: result: yes
configure:4909: checking for sys/vfs.h
configure:4909: gcc -c -g -O2 -Wall -Wmissing-prototypes   conftest.c >&5
configure:4909: $? = 0
configure:4909: result: yes
configure:4915: checking for wctype.h
configure:4915: gcc -c -g -O2 -Wall -Wmissing-prototypes   conftest.c >&5
configure:4915: $? = 0
configure:4915: result: yes
configure:4921: checking for libintl.h
configure:4921: gcc -c -g -O2 -Wall -Wmissing-prototypes   conftest.c >&5
configure:4921: $? = 0
configure:4921: result: yes
configure:4927: checking for sys/inotify.h
configure:4927: gcc -c -g -O2 -Wall -Wmissing-prototypes   conftest.c >&5
configure:4927: $? = 0
configure:4927: result: yes
configure:4935: checking for an ANSI C-conforming const
configure:5002: gcc -c -g -O2 -Wall -Wmissing-prototypes   conftest.c >&5
configure:5002: $? = 0
configure:5010: result: yes
configure:5018: checking for uid_t in sys/types.h
configure:5039: result: yes
configure:5050: checking for size_t
configure:5050: gcc -c -g -O2 -Wall -Wmissing-prototypes   conftest.c >&5
configure:5050: $? = 0
configure:5050: gcc -c -g -O2 -Wall -Wmissing-prototypes   conftest.c >&5
conftest.c: In function 'main':
conftest.c:64:21: error: expected expression before ')' token
   64 | if (sizeof ((size_t)))
      |                     ^
configure:5050: $? = 1
configure: failed program was:
| /* confdefs.h */
| #define PACKAGE_NAME ""
| #define PACKAGE_TARNAME ""
| #define PACKAGE_VERSION ""
| #define PACKAGE_STRING ""
| #define PACKAGE_BUGREPORT ""
| #define PACKAGE_URL ""
| #define GTK_VERSION "2.24.33"
| #define USE_PANGO_WRAP_WORD_CHAR 1
| #define FILE_B_FLAG 1
| #define HAVE_DIRENT_H 1
| #define HAVE_STDIO_H 1
| #define HAVE_STDLIB_H 1
| #define HAVE_STRING_H 1
| #define HAVE_INTTYPES_H 1
| #define HAVE_STDINT_H 1
| #define HAVE_STRINGS_H 1
| #define HAVE_SYS_STAT_H 1
| #define HAVE_SYS_TYPES_H 1
| #define HAVE_UNISTD_H 1
| #define STDC_HEADERS 1
| #define HAVE_SYS_WAIT_H 1
| #define HAVE_FCNTL_H 1
| #define HAVE_SYS_TIME_H 1
| #define HAVE_UNISTD_H 1
| #define HAVE_MNTENT_H 1
| #define HAVE_SYS_STATVFS_H 1
| #define HAVE_SYS_VFS_H 1
| #define HAVE_WCTYPE_H 1
| #define HAVE_LIBINTL_H 1
| #define HAVE_SYS_INOTIFY_H 1
| /* end confdefs.h.  */
| #include <stddef.h>
| #ifdef HAVE_STDIO_H
| # include <stdio.h>
| #endif
| #ifdef HAVE_STDLIB_H
| # include <stdlib.h>
| #endif
| #ifdef HAVE_STRING_H
| # include <string.h>
| #endif
| #ifdef HAVE_INTTYPES_H
| # include <inttypes.h>
| #endif
| #ifdef HAVE_STDINT_H
| # include <stdint.h>
| #endif
| #ifdef HAVE_STRINGS_H
| # include <strings.h>
| #endif
| #ifdef HAVE_SYS_TYPES_H
| # include <sys/types.h>
| #endif
| #ifdef HAVE_SYS_STAT_H
| # include <sys/stat.h>
| #endif
| #ifdef HAVE_UNISTD_H
| # include <unistd.h>
| #endif
| int
| main (void)
| {
| if (sizeof ((size_t)))
| 	    return 0;
|   ;
|   return 0;
| }
configure:5050: result: yes
configure:5061: checking for gethostname
configure:5061: gcc -o conftest -g -O2 -Wall -Wmissing-prototypes    conftest.c   -lX11 -lm  >&5
configure:5061: $? = 0
configure:5061: result: yes
configure:5067: checking for unsetenv
configure:5067: gcc -o conftest -g -O2 -Wall -Wmissing-prototypes    conftest.c   -lX11 -lm  >&5
configure:5067: $? = 0
configure:5067: result: yes
configure:5073: checking for mkdir
configure:5073: gcc -o conftest -g -O2 -Wall -Wmissing-prototypes    conftest.c   -lX11 -lm  >&5
configure:5073: $? = 0
configure:5073: result: yes
configure:5079: checking for rmdir
configure:5079: gcc -o conftest -g -O2 -Wall -Wmissing-prototypes    conftest.c   -lX11 -lm  >&5
configure:5079: $? = 0
configure:5079: result: yes
configure:5085: checking for strdup
configure:5085: gcc -o conftest -g -O2 -Wall -Wmissing-prototypes    conftest.c   -lX11 -lm  >&5
conftest.c:53:6: warning: conflicting types for built-in function 'strdup'; expected 'char *(const char *)' [-Wbuiltin-declaration-mismatch]
   53 | char strdup ();
      |      ^~~~~~
configure:5085: $? = 0
configure:5085: result: yes
configure:5091: checking for strtol
configure:5091: gcc -o conftest -g -O2 -Wall -Wmissing-prototypes    conftest.c   -lX11 -lm  >&5
configure:5091: $? = 0
configure:5091: result: yes
configure:5097: checking for statvfs
configure:5097: gcc -o conftest -g -O2 -Wall -Wmissing-prototypes    conftest.c   -lX11 -lm  >&5
configure:5097: $? = 0
configure:5097: result: yes
configure:5103: checking for statfs
configure:5103: gcc -o conftest -g -O2 -Wall -Wmissing-prototypes    conftest.c   -lX11 -lm  >&5
configure:5103: $? = 0
configure:5103: result: yes
configure:5109: checking for mbrtowc
configure:5109: gcc -o conftest -g -O2 -Wall -Wmissing-prototypes    conftest.c   -lX11 -lm  >&5
configure:5109: $? = 0
configure:5109: result: yes
configure:5116: checking for floor in -lm
configure:5139: gcc -o conftest -g -O2 -Wall -Wmissing-prototypes    conftest.c -lm    -lX11 -lm  >&5
conftest.c:46:6: warning: conflicting types for built-in function 'floor'; expected 'double(double)' [-Wbuiltin-declaration-mismatch]
   46 | char floor ();
      |      ^~~~~
conftest.c:1:1: note: 'floor' is declared in header '<math.h>'
    1 | /* confdefs.h */
configure:5139: $? = 0
configure:5149: result: yes
configure:5159: checking for dlsym in -ldl
configure:5182: gcc -o conftest -g -O2 -Wall -Wmissing-prototypes    conftest.c -ldl  -lm   -lX11 -lm  >&5
configure:5182: $? = 0
configure:5192: result: yes
configure:5202: checking for gettext in -lintl
configure:5225: gcc -o conftest -g -O2 -Wall -Wmissing-prototypes    conftest.c -lintl  -ldl -lm   -lX11 -lm  >&5
conftest.c:48:6: warning: conflicting types for built-in function 'gettext'; expected 'char *(const char *)' [-Wbuiltin-declaration-mismatch]
   48 | char gettext ();
      |      ^~~~~~~
/usr/bin/ld: cannot find -lintl: No such file or directory
collect2: error: ld returned 1 exit status
configure:5225: $? = 1
configure: failed program was:
| /* confdefs.h */
| #define PACKAGE_NAME ""
| #define PACKAGE_TARNAME ""
| #define PACKAGE_VERSION ""
| #define PACKAGE_STRING ""
| #define PACKAGE_BUGREPORT ""
| #define PACKAGE_URL ""
| #define GTK_VERSION "2.24.33"
| #define USE_PANGO_WRAP_WORD_CHAR 1
| #define FILE_B_FLAG 1
| #define HAVE_DIRENT_H 1
| #define HAVE_STDIO_H 1
| #define HAVE_STDLIB_H 1
| #define HAVE_STRING_H 1
| #define HAVE_INTTYPES_H 1
| #define HAVE_STDINT_H 1
| #define HAVE_STRINGS_H 1
| #define HAVE_SYS_STAT_H 1
| #define HAVE_SYS_TYPES_H 1
| #define HAVE_UNISTD_H 1
| #define STDC_HEADERS 1
| #define HAVE_SYS_WAIT_H 1
| #define HAVE_FCNTL_H 1
| #define HAVE_SYS_TIME_H 1
| #define HAVE_UNISTD_H 1
| #define HAVE_MNTENT_H 1
| #define HAVE_SYS_STATVFS_H 1
| #define HAVE_SYS_VFS_H 1
| #define HAVE_WCTYPE_H 1
| #define HAVE_LIBINTL_H 1
| #define HAVE_SYS_INOTIFY_H 1
| #define HAVE_GETHOSTNAME 1
| #define HAVE_UNSETENV 1
| #define HAVE_MKDIR 1
| #define HAVE_RMDIR 1
| #define HAVE_STRDUP 1
| #define HAVE_STRTOL 1
| #define HAVE_STATVFS 1
| #define HAVE_STATFS 1
| #define HAVE_MBRTOWC 1
| #define HAVE_LIBM 1
| #define HAVE_LIBDL 1
| /* end confdefs.h.  */
| 
| /* Override any GCC internal prototype to avoid an error.
|    Use char because int might match the return type of a GCC
|    builtin and then its argument prototype would still apply.  */
| char gettext ();
| int
| main (void)
| {
| return gettext ();
|   ;
|   return 0;
| }
configure:5235: result: no
configure:5246: checking for getopt_long in -lgnugetopt
configure:5269: gcc -o conftest -g -O2 -Wall -Wmissing-prototypes    conftest.c -lgnugetopt  -ldl -lm   -lX11 -lm  >&5
/usr/bin/ld: cannot find -lgnugetopt: No such file or directory
collect2: error: ld returned 1 exit status
configure:5269: $? = 1
configure: failed program was:
| /* confdefs.h */
| #define PACKAGE_NAME ""
| #define PACKAGE_TARNAME ""
| #define PACKAGE_VERSION ""
| #define PACKAGE_STRING ""
| #define PACKAGE_BUGREPORT ""
| #define PACKAGE_URL ""
| #define GTK_VERSION "2.24.33"
| #define USE_PANGO_WRAP_WORD_CHAR 1
| #define FILE_B_FLAG 1
| #define HAVE_DIRENT_H 1
| #define HAVE_STDIO_H 1
| #define HAVE_STDLIB_H 1
| #define HAVE_STRING_H 1
| #define HAVE_INTTYPES_H 1
| #define HAVE_STDINT_H 1
| #define HAVE_STRINGS_H 1
| #define HAVE_SYS_STAT_H 1
| #define HAVE_SYS_TYPES_H 1
| #define HAVE_UNISTD_H 1
| #define STDC_HEADERS 1
| #define HAVE_SYS_WAIT_H 1
| #define HAVE_FCNTL_H 1
| #define HAVE_SYS_TIME_H 1
| #define HAVE_UNISTD_H 1
| #define HAVE_MNTENT_H 1
| #define HAVE_SYS_STATVFS_H 1
| #define HAVE_SYS_VFS_H 1
| #define HAVE_WCTYPE_H 1
| #define HAVE_LIBINTL_H 1
| #define HAVE_SYS_INOTIFY_H 1
| #define HAVE_GETHOSTNAME 1
| #define HAVE_UNSETENV 1
| #define HAVE_MKDIR 1
| #define HAVE_RMDIR 1
| #define HAVE_STRDUP 1
| #define HAVE_STRTOL 1
| #define HAVE_STATVFS 1
| #define HAVE_STATFS 1
| #define HAVE_MBRTOWC 1
| #define HAVE_LIBM 1
| #define HAVE_LIBDL 1
| /* end confdefs.h.  */
| 
| /* Override any GCC internal prototype to avoid an error.
|    Use char because int might match the return type of a GCC
|    builtin and then its argument prototype would still apply.  */
| char getopt_long ();
| int
| main (void)
| {
| return getopt_long ();
|   ;
|   return 0;
| }
configure:5279: result: no
configure:5289: checking for getopt_long
configure:5289: gcc -o conftest -g -O2 -Wall -Wmissing-prototypes    conftest.c -ldl -lm   -lX11 -lm  >&5
configure:5289: $? = 0
configure:5289: result: yes
configure:5297: checking for attropen
configure:5297: gcc -o conftest -g -O2 -Wall -Wmissing-prototypes    conftest.c -ldl -lm   -lX11 -lm  >&5
/usr/bin/ld: /tmp/ccEjfmMc.o: in function `main':
/home/andre/files/programming/row-filer/rox-filer-dark/ROX-Filer/build/conftest.c:72:(.text.startup+0x7): undefined reference to `attropen'
collect2: error: ld returned 1 exit status
configure:5297: $? = 1
configure: failed program was:
| /* confdefs.h */
| #define PACKAGE_NAME ""
| #define PACKAGE_TARNAME ""
| #define PACKAGE_VERSION ""
| #define PACKAGE_STRING ""
| #define PACKAGE_BUGREPORT ""
| #define PACKAGE_URL ""
| #define GTK_VERSION "2.24.33"
| #define USE_PANGO_WRAP_WORD_CHAR 1
| #define FILE_B_FLAG 1
| #define HAVE_DIRENT_H 1
| #define HAVE_STDIO_H 1
| #define HAVE_STDLIB_H 1
| #define HAVE_STRING_H 1
| #define HAVE_INTTYPES_H 1
| #define HAVE_STDINT_H 1
| #define HAVE_STRINGS_H 1
| #define HAVE_SYS_STAT_H 1
| #define HAVE_SYS_TYPES_H 1
| #define HAVE_UNISTD_H 1
| #define STDC_HEADERS 1
| #define HAVE_SYS_WAIT_H 1
| #define HAVE_FCNTL_H 1
| #define HAVE_SYS_TIME_H 1
| #define HAVE_UNISTD_H 1
| #define HAVE_MNTENT_H 1
| #define HAVE_SYS_STATVFS_H 1
| #define HAVE_SYS_VFS_H 1
| #define HAVE_WCTYPE_H 1
| #define HAVE_LIBINTL_H 1
| #define HAVE_SYS_INOTIFY_H 1
| #define HAVE_GETHOSTNAME 1
| #define HAVE_UNSETENV 1
| #define HAVE_MKDIR 1
| #define HAVE_RMDIR 1
| #define HAVE_STRDUP 1
| #define HAVE_STRTOL 1
| #define HAVE_STATVFS 1
| #define HAVE_STATFS 1
| #define HAVE_MBRTOWC 1
| #define HAVE_LIBM 1
| #define HAVE_LIBDL 1
| #define HAVE_GETOPT_LONG 1
| /* end confdefs.h.  */
| /* Define attropen to an innocuous variant, in case <limits.h> declares attropen.
|    For example, HP-UX 11i <limits.h> declares gettimeofday.  */
| #define attropen innocuous_attropen
| 
| /* System header to define __stub macros and hopefully few prototypes,
|    which can conflict with char attropen (); below.  */
| 
| #include <limits.h>
| #undef attropen
| 
| /* Override any GCC internal prototype to avoid an error.
|    Use char because int might match the return type of a GCC
|    builtin and then its argument prototype would still apply.  */
| #ifdef __cplusplus
| extern "C"
| #endif
| char attropen ();
| /* The GNU C library defines this for functions which it implements
|     to always fail with ENOSYS.  Some functions are actually named
|     something starting with __ and the normal name is an alias.  */
| #if defined __stub_attropen || defined __stub___attropen
| choke me
| #endif
| 
| int
| main (void)
| {
| return attropen ();
|   ;
|   return 0;
| }
configure:5297: result: no
configure:5303: checking for getxattr
configure:5303: gcc -o conftest -g -O2 -Wall -Wmissing-prototypes    conftest.c -ldl -lm   -lX11 -lm  >&5
configure:5303: $? = 0
configure:5303: result: yes
configure:5310: checking for attr/xattr.h
configure:5310: gcc -c -g -O2 -Wall -Wmissing-prototypes   conftest.c >&5
conftest.c:74:10: fatal error: attr/xattr.h: No such file or directory
   74 | #include <attr/xattr.h>
      |          ^~~~~~~~~~~~~~
compilation terminated.
configure:5310: $? = 1
configure: failed program was:
| /* confdefs.h */
| #define PACKAGE_NAME ""
| #define PACKAGE_TARNAME ""
| #define PACKAGE_VERSION ""
| #define PACKAGE_STRING ""
| #define PACKAGE_BUGREPORT ""
| #define PACKAGE_URL ""
| #define GTK_VERSION "2.24.33"
| #define USE_PANGO_WRAP_WORD_CHAR 1
| #define FILE_B_FLAG 1
| #define HAVE_DIRENT_H 1
| #define HAVE_STDIO_H 1
| #define HAVE_STDLIB_H 1
| #define HAVE_STRING_H 1
| #define HAVE_INTTYPES_H 1
| #define HAVE_STDINT_H 1
| #define HAVE_STRINGS_H 1
| #define HAVE_SYS_STAT_H 1
| #define HAVE_SYS_TYPES_H 1
| #define HAVE_UNISTD_H 1
| #define STDC_HEADERS 1
| #define HAVE_SYS_WAIT_H 1
| #define HAVE_FCNTL_H 1
| #define HAVE_SYS_TIME_H 1
| #define HAVE_UNISTD_H 1
| #define HAVE_MNTENT_H 1
| #define HAVE_SYS_STATVFS_H 1
| #define HAVE_SYS_VFS_H 1
| #define HAVE_WCTYPE_H 1
| #define HAVE_LIBINTL_H 1
| #define HAVE_SYS_INOTIFY_H 1
| #define HAVE_GETHOSTNAME 1
| #define HAVE_UNSETENV 1
| #define HAVE_MKDIR 1
| #define HAVE_RMDIR 1
| #define HAVE_STRDUP 1
| #define HAVE_STRTOL 1
| #define HAVE_STATVFS 1
| #define HAVE_STATFS 1
| #define HAVE_MBRTOWC 1
| #define HAVE_LIBM 1
| #define HAVE_LIBDL 1
| #define HAVE_GETOPT_LONG 1
| #define HAVE_GETXATTR 1
| /* end confdefs.h.  */
| #include <stddef.h>
| #ifdef HAVE_STDIO_H
| # include <stdio.h>
| #endif
| #ifdef HAVE_STDLIB_H
| # include <stdlib.h>
| #endif
| #ifdef HAVE_STRING_H
| # include <string.h>
| #endif
| #ifdef HAVE_INTTYPES_H
| # include <inttypes.h>
| #endif
| #ifdef HAVE_STDINT_H
| # include <stdint.h>
| #endif
| #ifdef HAVE_STRINGS_H
| # include <strings.h>
| #endif
| #ifdef HAVE_SYS_TYPES_H
| # include <sys/types.h>
| #endif
| #ifdef HAVE_SYS_STAT_H
| # include <sys/stat.h>
| #endif
| #ifdef HAVE_UNISTD_H
| # include <unistd.h>
| #endif
| #include <attr/xattr.h>
configure:5310: result: no
configure:5316: checking for sys/xattr.h
configure:5316: gcc -c -g -O2 -Wall -Wmissing-prototypes   conftest.c >&5
configure:5316: $? = 0
configure:5316: result: yes
configure:5324: checking extracting version information
configure:5331: result: version 2.11
configure:5450: creating ./config.status

## ---------------------- ##
## Running config.status. ##
## ---------------------- ##

This file was extended by config.status, which was
generated by GNU Autoconf 2.71.  Invocation command line was

  CONFIG_FILES    = 
  CONFIG_HEADERS  = 
  CONFIG_LINKS    = 
  CONFIG_COMMANDS = 
  $ ./config.status 

on tenoriocalc

config.status:829: creating Makefile
config.status:829: creating config.h
config.status:984: config.h is unchanged

## ---------------- ##
## Cache variables. ##
## ---------------- ##

ac_cv_c_compiler_gnu='yes'
ac_cv_c_const='yes'
ac_cv_env_CC_set=''
ac_cv_env_CC_value=''
ac_cv_env_CFLAGS_set=''
ac_cv_env_CFLAGS_value=''
ac_cv_env_CPPFLAGS_set=''
ac_cv_env_CPPFLAGS_value=''
ac_cv_env_CPP_set=''
ac_cv_env_CPP_value=''
ac_cv_env_LDFLAGS_set=''
ac_cv_env_LDFLAGS_value=''
ac_cv_env_LIBS_set=''
ac_cv_env_LIBS_value=''
ac_cv_env_XMKMF_set=''
ac_cv_env_XMKMF_value=''
ac_cv_env_build_alias_set=''
ac_cv_env_build_alias_value=''
ac_cv_env_host_alias_set=''
ac_cv_env_host_alias_value=''
ac_cv_env_target_alias_set=''
ac_cv_env_target_alias_value=''
ac_cv_func_attropen='no'
ac_cv_func_connect='yes'
ac_cv_func_gethostbyname='yes'
ac_cv_func_gethostname='yes'
ac_cv_func_getopt_long='yes'
ac_cv_func_getxattr='yes'
ac_cv_func_mbrtowc='yes'
ac_cv_func_mkdir='yes'
ac_cv_func_remove='yes'
ac_cv_func_rmdir='yes'
ac_cv_func_shmat='yes'
ac_cv_func_statfs='yes'
ac_cv_func_statvfs='yes'
ac_cv_func_strdup='yes'
ac_cv_func_strtol='yes'
ac_cv_func_unsetenv='yes'
ac_cv_have_x='have_x=yes	ac_x_includes='"''"'	ac_x_libraries='"''"
ac_cv_header_apbuild_apsymbols_h='no'
ac_cv_header_apsymbols_h='no'
ac_cv_header_attr_xattr_h='no'
ac_cv_header_dirent_dirent_h='yes'
ac_cv_header_fcntl_h='yes'
ac_cv_header_inttypes_h='yes'
ac_cv_header_libintl_h='yes'
ac_cv_header_mntent_h='yes'
ac_cv_header_stdint_h='yes'
ac_cv_header_stdio_h='yes'
ac_cv_header_stdlib_h='yes'
ac_cv_header_string_h='yes'
ac_cv_header_strings_h='yes'
ac_cv_header_sys_inotify_h='yes'
ac_cv_header_sys_mntent_h='no'
ac_cv_header_sys_stat_h='yes'
ac_cv_header_sys_statvfs_h='yes'
ac_cv_header_sys_time_h='yes'
ac_cv_header_sys_types_h='yes'
ac_cv_header_sys_ucred_h='no'
ac_cv_header_sys_vfs_h='yes'
ac_cv_header_sys_wait_h='yes'
ac_cv_header_sys_xattr_h='yes'
ac_cv_header_unistd_h='yes'
ac_cv_header_wctype_h='yes'
ac_cv_lib_ICE_IceConnectionNumber='yes'
ac_cv_lib_dl_dlsym='yes'
ac_cv_lib_gnugetopt_getopt_long='no'
ac_cv_lib_intl_gettext='no'
ac_cv_lib_m_floor='yes'
ac_cv_objext='o'
ac_cv_path_EGREP='/usr/bin/grep -E'
ac_cv_path_GREP='/usr/bin/grep'
ac_cv_prog_CPP='gcc -E'
ac_cv_prog_ac_ct_CC='gcc'
ac_cv_prog_cc_c11=''
ac_cv_prog_cc_g='yes'
ac_cv_prog_cc_stdc=''
ac_cv_search_opendir='none required'
ac_cv_type_size_t='yes'
ac_cv_type_uid_t='yes'

## ----------------- ##
## Output variables. ##
## ----------------- ##

CC='gcc'
CFLAGS='-g -O2 -Wall -Wmissing-prototypes '
CPP='gcc -E'
CPPFLAGS=''
DEFS='-DHAVE_CONFIG_H'
ECHO_C=''
ECHO_N='-n'
ECHO_T=''
EGREP='/usr/bin/grep -E'
EXEEXT=''
GREP='/usr/bin/grep'
LDFLAGS=''
LFS_CFLAGS=''
LFS_LDFLAGS=''
LFS_LIBS=''
LIBOBJS=''
LIBS='-ldl -lm   -lX11 -lm '
LTLIBOBJS=''
OBJEXT='o'
PACKAGE_BUGREPORT=''
PACKAGE_NAME=''
PACKAGE_STRING=''
PACKAGE_TARNAME=''
PACKAGE_URL=''
PACKAGE_VERSION=''
PATH_SEPARATOR=':'
PKG_CONFIG='pkg-config'
SHELL='/bin/sh'
XMKMF=''
X_CFLAGS=''
X_EXTRA_LIBS=''
X_LIBS=''
X_PRE_LIBS=' -lSM -lICE'
ac_ct_CC='gcc'
bindir='${exec_prefix}/bin'
build_alias=''
datadir='${datarootdir}'
datarootdir='${prefix}/share'
docdir='${datarootdir}/doc/${PACKAGE}'
dvidir='${docdir}'
exec_prefix='${prefix}'
host_alias=''
htmldir='${docdir}'
includedir='${prefix}/include'
infodir='${datarootdir}/info'
libdir='${exec_prefix}/lib'
libexecdir='${exec_prefix}/libexec'
localedir='${datarootdir}/locale'
localstatedir='${prefix}/var'
mandir='${datarootdir}/man'
oldincludedir='/usr/include'
pdfdir='${docdir}'
prefix='/usr/local'
program_transform_name='s,x,x,'
psdir='${docdir}'
runstatedir='${localstatedir}/run'
sbindir='${exec_prefix}/sbin'
sharedstatedir='${prefix}/com'
sysconfdir='${prefix}/etc'
target_alias=''

## ----------- ##
## confdefs.h. ##
## ----------- ##

/* confdefs.h */
#define PACKAGE_NAME ""
#define PACKAGE_TARNAME ""
#define PACKAGE_VERSION ""
#define PACKAGE_STRING ""
#define PACKAGE_BUGREPORT ""
#define PACKAGE_URL ""
#define GTK_VERSION "2.24.33"
#define USE_PANGO_WRAP_WORD_CHAR 1
#define FILE_B_FLAG 1
#define HAVE_DIRENT_H 1
#define HAVE_STDIO_H 1
#define HAVE_STDLIB_H 1
#define HAVE_STRING_H 1
#define HAVE_INTTYPES_H 1
#define HAVE_STDINT_H 1
#define HAVE_STRINGS_H 1
#define HAVE_SYS_STAT_H 1
#define HAVE_SYS_TYPES_H 1
#define HAVE_UNISTD_H 1
#define STDC_HEADERS 1
#define HAVE_SYS_WAIT_H 1
#define HAVE_FCNTL_H 1
#define HAVE_SYS_TIME_H 1
#define HAVE_UNISTD_H 1
#define HAVE_MNTENT_H 1
#define HAVE_SYS_STATVFS_H 1
#define HAVE_SYS_VFS_H 1
#define HAVE_WCTYPE_H 1
#define HAVE_LIBINTL_H 1
#define HAVE_SYS_INOTIFY_H 1
#define HAVE_GETHOSTNAME 1
#define HAVE_UNSETENV 1
#define HAVE_MKDIR 1
#define HAVE_RMDIR 1
#define HAVE_STRDUP 1
#define HAVE_STRTOL 1
#define HAVE_STATVFS 1
#define HAVE_STATFS 1
#define HAVE_MBRTOWC 1
#define HAVE_LIBM 1
#define HAVE_LIBDL 1
#define HAVE_GETOPT_LONG 1
#define HAVE_GETXATTR 1
#define HAVE_SYS_XATTR_H 1
#define VERSION "2.11"

configure: exit 0
